<?xml version="1.0" encoding="UTF-8"?>
<testsuite xmlns:xsi="http://www.w3.org/2001/XMLSchema-instance" xsi:noNamespaceSchemaLocation="https://maven.apache.org/surefire/maven-surefire-plugin/xsd/surefire-test-report.xsd" name="com.sinosoft.commxg.CommCoalApplicationTests" time="54.356" tests="1" errors="0" skipped="0" failures="0">
  <properties>
    <property name="sun.desktop" value="windows"/>
    <property name="awt.toolkit" value="sun.awt.windows.WToolkit"/>
    <property name="file.encoding.pkg" value="sun.io"/>
    <property name="java.specification.version" value="1.8"/>
    <property name="sun.cpu.isalist" value="amd64"/>
    <property name="sun.jnu.encoding" value="GBK"/>
    <property name="java.class.path" value="D:\work\行销系统\代码\market\comm-xg\xg-server\target\test-classes;D:\work\行销系统\代码\market\comm-xg\xg-server\target\classes;d:\xxxt\repository\com\sinosoft\xg-comm\0.0.1-SNAPSHOT\xg-comm-0.0.1-SNAPSHOT.jar;d:\xxxt\repository\org\springframework\cloud\spring-cloud-starter-openfeign\2.0.0.RELEASE\spring-cloud-starter-openfeign-2.0.0.RELEASE.jar;d:\xxxt\repository\org\springframework\cloud\spring-cloud-openfeign-core\2.0.0.RELEASE\spring-cloud-openfeign-core-2.0.0.RELEASE.jar;d:\xxxt\repository\io\github\openfeign\feign-core\9.5.1\feign-core-9.5.1.jar;d:\xxxt\repository\io\github\openfeign\feign-slf4j\9.5.1\feign-slf4j-9.5.1.jar;d:\xxxt\repository\io\github\openfeign\feign-hystrix\9.5.1\feign-hystrix-9.5.1.jar;d:\xxxt\repository\io\github\openfeign\feign-java8\9.5.1\feign-java8-9.5.1.jar;d:\xxxt\repository\org\springframework\cloud\spring-cloud-starter-netflix-eureka-client\2.0.0.RELEASE\spring-cloud-starter-netflix-eureka-client-2.0.0.RELEASE.jar;d:\xxxt\repository\org\springframework\cloud\spring-cloud-starter\2.0.0.RELEASE\spring-cloud-starter-2.0.0.RELEASE.jar;d:\xxxt\repository\org\springframework\security\spring-security-rsa\1.0.5.RELEASE\spring-security-rsa-1.0.5.RELEASE.jar;d:\xxxt\repository\org\bouncycastle\bcpkix-jdk15on\1.56\bcpkix-jdk15on-1.56.jar;d:\xxxt\repository\org\bouncycastle\bcprov-jdk15on\1.56\bcprov-jdk15on-1.56.jar;d:\xxxt\repository\org\springframework\cloud\spring-cloud-netflix-core\2.0.0.RELEASE\spring-cloud-netflix-core-2.0.0.RELEASE.jar;d:\xxxt\repository\org\springframework\boot\spring-boot-starter-aop\2.0.2.RELEASE\spring-boot-starter-aop-2.0.2.RELEASE.jar;d:\xxxt\repository\org\aspectj\aspectjweaver\1.8.13\aspectjweaver-1.8.13.jar;d:\xxxt\repository\org\springframework\cloud\spring-cloud-netflix-eureka-client\2.0.0.RELEASE\spring-cloud-netflix-eureka-client-2.0.0.RELEASE.jar;d:\xxxt\repository\com\netflix\eureka\eureka-client\1.9.2\eureka-client-1.9.2.jar;d:\xxxt\repository\org\codehaus\jettison\jettison\1.3.7\jettison-1.3.7.jar;d:\xxxt\repository\stax\stax-api\1.0.1\stax-api-1.0.1.jar;d:\xxxt\repository\com\netflix\netflix-commons\netflix-eventbus\0.3.0\netflix-eventbus-0.3.0.jar;d:\xxxt\repository\com\netflix\netflix-commons\netflix-infix\0.3.0\netflix-infix-0.3.0.jar;d:\xxxt\repository\commons-jxpath\commons-jxpath\1.3\commons-jxpath-1.3.jar;d:\xxxt\repository\joda-time\joda-time\2.9.9\joda-time-2.9.9.jar;d:\xxxt\repository\org\antlr\antlr-runtime\3.4\antlr-runtime-3.4.jar;d:\xxxt\repository\org\antlr\stringtemplate\3.2.1\stringtemplate-3.2.1.jar;d:\xxxt\repository\antlr\antlr\2.7.7\antlr-2.7.7.jar;d:\xxxt\repository\com\google\code\gson\gson\2.8.4\gson-2.8.4.jar;d:\xxxt\repository\org\apache\commons\commons-math\2.2\commons-math-2.2.jar;d:\xxxt\repository\com\netflix\archaius\archaius-core\0.7.6\archaius-core-0.7.6.jar;d:\xxxt\repository\javax\ws\rs\jsr311-api\1.1.1\jsr311-api-1.1.1.jar;d:\xxxt\repository\com\netflix\servo\servo-core\0.12.21\servo-core-0.12.21.jar;d:\xxxt\repository\com\sun\jersey\jersey-core\1.19.1\jersey-core-1.19.1.jar;d:\xxxt\repository\com\sun\jersey\jersey-client\1.19.1\jersey-client-1.19.1.jar;d:\xxxt\repository\com\sun\jersey\contribs\jersey-apache-client4\1.19.1\jersey-apache-client4-1.19.1.jar;d:\xxxt\repository\org\apache\httpcomponents\httpclient\4.5.5\httpclient-4.5.5.jar;d:\xxxt\repository\org\apache\httpcomponents\httpcore\4.4.9\httpcore-4.4.9.jar;d:\xxxt\repository\commons-codec\commons-codec\1.11\commons-codec-1.11.jar;d:\xxxt\repository\com\google\inject\guice\4.1.0\guice-4.1.0.jar;d:\xxxt\repository\aopalliance\aopalliance\1.0\aopalliance-1.0.jar;d:\xxxt\repository\com\github\vlsi\compactmap\compactmap\1.2.1\compactmap-1.2.1.jar;d:\xxxt\repository\com\github\andrewoma\dexx\dexx-collections\0.2\dexx-collections-0.2.jar;d:\xxxt\repository\com\netflix\eureka\eureka-core\1.9.2\eureka-core-1.9.2.jar;d:\xxxt\repository\org\codehaus\woodstox\woodstox-core-asl\4.4.1\woodstox-core-asl-4.4.1.jar;d:\xxxt\repository\javax\xml\stream\stax-api\1.0-2\stax-api-1.0-2.jar;d:\xxxt\repository\org\codehaus\woodstox\stax2-api\3.1.4\stax2-api-3.1.4.jar;d:\xxxt\repository\org\springframework\cloud\spring-cloud-starter-netflix-archaius\2.0.0.RELEASE\spring-cloud-starter-netflix-archaius-2.0.0.RELEASE.jar;d:\xxxt\repository\org\springframework\cloud\spring-cloud-netflix-archaius\2.0.0.RELEASE\spring-cloud-netflix-archaius-2.0.0.RELEASE.jar;d:\xxxt\repository\commons-configuration\commons-configuration\1.8\commons-configuration-1.8.jar;d:\xxxt\repository\com\netflix\ribbon\ribbon-eureka\2.2.5\ribbon-eureka-2.2.5.jar;d:\xxxt\repository\com\thoughtworks\xstream\xstream\1.4.10\xstream-1.4.10.jar;d:\xxxt\repository\xmlpull\xmlpull\1.1.3.1\xmlpull-1.1.3.1.jar;d:\xxxt\repository\xpp3\xpp3_min\1.1.4c\xpp3_min-1.1.4c.jar;d:\xxxt\repository\org\springframework\boot\spring-boot-starter-web\2.0.2.RELEASE\spring-boot-starter-web-2.0.2.RELEASE.jar;d:\xxxt\repository\org\springframework\boot\spring-boot-starter\2.0.2.RELEASE\spring-boot-starter-2.0.2.RELEASE.jar;d:\xxxt\repository\org\springframework\boot\spring-boot\2.0.2.RELEASE\spring-boot-2.0.2.RELEASE.jar;d:\xxxt\repository\org\springframework\boot\spring-boot-starter-logging\2.0.2.RELEASE\spring-boot-starter-logging-2.0.2.RELEASE.jar;d:\xxxt\repository\ch\qos\logback\logback-classic\1.2.3\logback-classic-1.2.3.jar;d:\xxxt\repository\ch\qos\logback\logback-core\1.2.3\logback-core-1.2.3.jar;d:\xxxt\repository\org\apache\logging\log4j\log4j-to-slf4j\2.10.0\log4j-to-slf4j-2.10.0.jar;d:\xxxt\repository\org\apache\logging\log4j\log4j-api\2.10.0\log4j-api-2.10.0.jar;d:\xxxt\repository\org\slf4j\jul-to-slf4j\1.7.25\jul-to-slf4j-1.7.25.jar;d:\xxxt\repository\javax\annotation\javax.annotation-api\1.3.2\javax.annotation-api-1.3.2.jar;d:\xxxt\repository\org\yaml\snakeyaml\1.19\snakeyaml-1.19.jar;d:\xxxt\repository\org\springframework\boot\spring-boot-starter-json\2.0.2.RELEASE\spring-boot-starter-json-2.0.2.RELEASE.jar;d:\xxxt\repository\com\fasterxml\jackson\datatype\jackson-datatype-jdk8\2.9.5\jackson-datatype-jdk8-2.9.5.jar;d:\xxxt\repository\com\fasterxml\jackson\datatype\jackson-datatype-jsr310\2.9.5\jackson-datatype-jsr310-2.9.5.jar;d:\xxxt\repository\com\fasterxml\jackson\module\jackson-module-parameter-names\2.9.5\jackson-module-parameter-names-2.9.5.jar;d:\xxxt\repository\org\springframework\boot\spring-boot-starter-tomcat\2.0.2.RELEASE\spring-boot-starter-tomcat-2.0.2.RELEASE.jar;d:\xxxt\repository\org\apache\tomcat\embed\tomcat-embed-core\8.5.31\tomcat-embed-core-8.5.31.jar;d:\xxxt\repository\org\apache\tomcat\embed\tomcat-embed-el\8.5.31\tomcat-embed-el-8.5.31.jar;d:\xxxt\repository\org\apache\tomcat\embed\tomcat-embed-websocket\8.5.31\tomcat-embed-websocket-8.5.31.jar;d:\xxxt\repository\org\hibernate\validator\hibernate-validator\6.0.9.Final\hibernate-validator-6.0.9.Final.jar;d:\xxxt\repository\javax\validation\validation-api\2.0.1.Final\validation-api-2.0.1.Final.jar;d:\xxxt\repository\org\jboss\logging\jboss-logging\3.3.2.Final\jboss-logging-3.3.2.Final.jar;d:\xxxt\repository\org\springframework\spring-web\5.0.6.RELEASE\spring-web-5.0.6.RELEASE.jar;d:\xxxt\repository\org\springframework\spring-beans\5.0.6.RELEASE\spring-beans-5.0.6.RELEASE.jar;d:\xxxt\repository\org\springframework\spring-webmvc\5.0.6.RELEASE\spring-webmvc-5.0.6.RELEASE.jar;d:\xxxt\repository\org\springframework\spring-aop\5.0.6.RELEASE\spring-aop-5.0.6.RELEASE.jar;d:\xxxt\repository\org\springframework\spring-context\5.0.6.RELEASE\spring-context-5.0.6.RELEASE.jar;d:\xxxt\repository\org\springframework\spring-expression\5.0.6.RELEASE\spring-expression-5.0.6.RELEASE.jar;d:\xxxt\repository\org\springframework\boot\spring-boot-starter-actuator\2.0.2.RELEASE\spring-boot-starter-actuator-2.0.2.RELEASE.jar;d:\xxxt\repository\org\springframework\boot\spring-boot-actuator-autoconfigure\2.0.2.RELEASE\spring-boot-actuator-autoconfigure-2.0.2.RELEASE.jar;d:\xxxt\repository\org\springframework\boot\spring-boot-actuator\2.0.2.RELEASE\spring-boot-actuator-2.0.2.RELEASE.jar;d:\xxxt\repository\io\micrometer\micrometer-core\1.0.4\micrometer-core-1.0.4.jar;d:\xxxt\repository\org\hdrhistogram\HdrHistogram\2.1.10\HdrHistogram-2.1.10.jar;d:\xxxt\repository\org\latencyutils\LatencyUtils\2.0.3\LatencyUtils-2.0.3.jar;d:\xxxt\repository\org\springframework\cloud\spring-cloud-config-client\2.0.0.RELEASE\spring-cloud-config-client-2.0.0.RELEASE.jar;d:\xxxt\repository\org\springframework\boot\spring-boot-autoconfigure\2.0.2.RELEASE\spring-boot-autoconfigure-2.0.2.RELEASE.jar;d:\xxxt\repository\org\springframework\cloud\spring-cloud-commons\2.0.0.RELEASE\spring-cloud-commons-2.0.0.RELEASE.jar;d:\xxxt\repository\org\springframework\security\spring-security-crypto\5.0.5.RELEASE\spring-security-crypto-5.0.5.RELEASE.jar;d:\xxxt\repository\org\springframework\cloud\spring-cloud-context\2.0.0.RELEASE\spring-cloud-context-2.0.0.RELEASE.jar;d:\xxxt\repository\com\fasterxml\jackson\core\jackson-annotations\2.9.0\jackson-annotations-2.9.0.jar;d:\xxxt\repository\com\fasterxml\jackson\core\jackson-databind\2.9.5\jackson-databind-2.9.5.jar;d:\xxxt\repository\org\springframework\cloud\spring-cloud-starter-netflix-ribbon\2.0.0.RELEASE\spring-cloud-starter-netflix-ribbon-2.0.0.RELEASE.jar;d:\xxxt\repository\org\springframework\cloud\spring-cloud-netflix-ribbon\2.0.0.RELEASE\spring-cloud-netflix-ribbon-2.0.0.RELEASE.jar;d:\xxxt\repository\com\netflix\ribbon\ribbon\2.2.5\ribbon-2.2.5.jar;d:\xxxt\repository\com\netflix\ribbon\ribbon-transport\2.2.5\ribbon-transport-2.2.5.jar;d:\xxxt\repository\io\reactivex\rxnetty-contexts\0.4.9\rxnetty-contexts-0.4.9.jar;d:\xxxt\repository\io\reactivex\rxnetty-servo\0.4.9\rxnetty-servo-0.4.9.jar;d:\xxxt\repository\com\netflix\hystrix\hystrix-core\1.5.12\hystrix-core-1.5.12.jar;d:\xxxt\repository\javax\inject\javax.inject\1\javax.inject-1.jar;d:\xxxt\repository\io\reactivex\rxnetty\0.4.9\rxnetty-0.4.9.jar;d:\xxxt\repository\io\netty\netty-codec-http\4.1.24.Final\netty-codec-http-4.1.24.Final.jar;d:\xxxt\repository\io\netty\netty-codec\4.1.24.Final\netty-codec-4.1.24.Final.jar;d:\xxxt\repository\io\netty\netty-transport-native-epoll\4.1.24.Final\netty-transport-native-epoll-4.1.24.Final.jar;d:\xxxt\repository\io\netty\netty-common\4.1.24.Final\netty-common-4.1.24.Final.jar;d:\xxxt\repository\io\netty\netty-buffer\4.1.24.Final\netty-buffer-4.1.24.Final.jar;d:\xxxt\repository\io\netty\netty-transport-native-unix-common\4.1.24.Final\netty-transport-native-unix-common-4.1.24.Final.jar;d:\xxxt\repository\io\netty\netty-transport\4.1.24.Final\netty-transport-4.1.24.Final.jar;d:\xxxt\repository\io\netty\netty-resolver\4.1.24.Final\netty-resolver-4.1.24.Final.jar;d:\xxxt\repository\com\netflix\ribbon\ribbon-core\2.2.5\ribbon-core-2.2.5.jar;d:\xxxt\repository\commons-lang\commons-lang\2.6\commons-lang-2.6.jar;d:\xxxt\repository\com\netflix\ribbon\ribbon-httpclient\2.2.5\ribbon-httpclient-2.2.5.jar;d:\xxxt\repository\commons-collections\commons-collections\3.2.2\commons-collections-3.2.2.jar;d:\xxxt\repository\com\netflix\netflix-commons\netflix-commons-util\0.3.0\netflix-commons-util-0.3.0.jar;d:\xxxt\repository\com\netflix\ribbon\ribbon-loadbalancer\2.2.5\ribbon-loadbalancer-2.2.5.jar;d:\xxxt\repository\com\netflix\netflix-commons\netflix-statistics\0.1.1\netflix-statistics-0.1.1.jar;d:\xxxt\repository\io\reactivex\rxjava\1.3.8\rxjava-1.3.8.jar;d:\xxxt\repository\org\springframework\cloud\spring-cloud-starter-zipkin\2.0.0.RELEASE\spring-cloud-starter-zipkin-2.0.0.RELEASE.jar;d:\xxxt\repository\org\springframework\cloud\spring-cloud-starter-sleuth\2.0.0.RELEASE\spring-cloud-starter-sleuth-2.0.0.RELEASE.jar;d:\xxxt\repository\org\springframework\cloud\spring-cloud-sleuth-core\2.0.0.RELEASE\spring-cloud-sleuth-core-2.0.0.RELEASE.jar;d:\xxxt\repository\org\aspectj\aspectjrt\1.8.13\aspectjrt-1.8.13.jar;d:\xxxt\repository\io\zipkin\brave\brave\5.1.0\brave-5.1.0.jar;d:\xxxt\repository\io\zipkin\brave\brave-context-log4j2\5.1.0\brave-context-log4j2-5.1.0.jar;d:\xxxt\repository\io\zipkin\brave\brave-instrumentation-spring-web\5.1.0\brave-instrumentation-spring-web-5.1.0.jar;d:\xxxt\repository\io\zipkin\brave\brave-instrumentation-http\5.1.0\brave-instrumentation-http-5.1.0.jar;d:\xxxt\repository\io\zipkin\brave\brave-instrumentation-spring-rabbit\5.1.0\brave-instrumentation-spring-rabbit-5.1.0.jar;d:\xxxt\repository\io\zipkin\brave\brave-instrumentation-kafka-clients\5.1.0\brave-instrumentation-kafka-clients-5.1.0.jar;d:\xxxt\repository\io\zipkin\brave\brave-instrumentation-httpclient\5.1.0\brave-instrumentation-httpclient-5.1.0.jar;d:\xxxt\repository\io\zipkin\brave\brave-instrumentation-httpasyncclient\5.1.0\brave-instrumentation-httpasyncclient-5.1.0.jar;d:\xxxt\repository\io\zipkin\brave\brave-instrumentation-spring-webmvc\5.1.0\brave-instrumentation-spring-webmvc-5.1.0.jar;d:\xxxt\repository\io\zipkin\brave\brave-instrumentation-servlet\5.1.0\brave-instrumentation-servlet-5.1.0.jar;d:\xxxt\repository\org\springframework\cloud\spring-cloud-sleuth-zipkin\2.0.0.RELEASE\spring-cloud-sleuth-zipkin-2.0.0.RELEASE.jar;d:\xxxt\repository\io\zipkin\zipkin2\zipkin\2.9.3\zipkin-2.9.3.jar;d:\xxxt\repository\io\zipkin\reporter2\zipkin-reporter\2.7.3\zipkin-reporter-2.7.3.jar;d:\xxxt\repository\io\zipkin\reporter2\zipkin-sender-kafka11\2.7.3\zipkin-sender-kafka11-2.7.3.jar;d:\xxxt\repository\io\zipkin\reporter2\zipkin-sender-amqp-client\2.7.3\zipkin-sender-amqp-client-2.7.3.jar;d:\xxxt\repository\com\oracle\ojdbc14\6\ojdbc14-6.jar;d:\xxxt\repository\com\alibaba\druid\1.1.10\druid-1.1.10.jar;d:\xxxt\repository\org\mybatis\spring\boot\mybatis-spring-boot-starter\1.3.1\mybatis-spring-boot-starter-1.3.1.jar;d:\xxxt\repository\org\springframework\boot\spring-boot-starter-jdbc\2.0.2.RELEASE\spring-boot-starter-jdbc-2.0.2.RELEASE.jar;d:\xxxt\repository\com\zaxxer\HikariCP\2.7.9\HikariCP-2.7.9.jar;d:\xxxt\repository\org\springframework\spring-jdbc\5.0.6.RELEASE\spring-jdbc-5.0.6.RELEASE.jar;d:\xxxt\repository\org\springframework\spring-tx\5.0.6.RELEASE\spring-tx-5.0.6.RELEASE.jar;d:\xxxt\repository\org\mybatis\spring\boot\mybatis-spring-boot-autoconfigure\1.3.1\mybatis-spring-boot-autoconfigure-1.3.1.jar;d:\xxxt\repository\org\mybatis\mybatis\3.4.5\mybatis-3.4.5.jar;d:\xxxt\repository\org\mybatis\mybatis-spring\1.3.1\mybatis-spring-1.3.1.jar;d:\xxxt\repository\com\github\pagehelper\pagehelper\5.1.2\pagehelper-5.1.2.jar;d:\xxxt\repository\com\github\jsqlparser\jsqlparser\1.0\jsqlparser-1.0.jar;d:\xxxt\repository\org\mybatis\generator\mybatis-generator-core\1.3.6\mybatis-generator-core-1.3.6.jar;d:\xxxt\repository\com\fasterxml\jackson\datatype\jackson-datatype-guava\2.9.5\jackson-datatype-guava-2.9.5.jar;d:\xxxt\repository\com\google\guava\guava\18.0\guava-18.0.jar;d:\xxxt\repository\com\fasterxml\jackson\core\jackson-core\2.9.5\jackson-core-2.9.5.jar;d:\xxxt\repository\org\springframework\boot\spring-boot-starter-test\2.0.2.RELEASE\spring-boot-starter-test-2.0.2.RELEASE.jar;d:\xxxt\repository\org\springframework\boot\spring-boot-test\2.0.2.RELEASE\spring-boot-test-2.0.2.RELEASE.jar;d:\xxxt\repository\org\springframework\boot\spring-boot-test-autoconfigure\2.0.2.RELEASE\spring-boot-test-autoconfigure-2.0.2.RELEASE.jar;d:\xxxt\repository\com\jayway\jsonpath\json-path\2.4.0\json-path-2.4.0.jar;d:\xxxt\repository\net\minidev\json-smart\2.3\json-smart-2.3.jar;d:\xxxt\repository\net\minidev\accessors-smart\1.2\accessors-smart-1.2.jar;d:\xxxt\repository\org\ow2\asm\asm\5.0.4\asm-5.0.4.jar;d:\xxxt\repository\junit\junit\4.12\junit-4.12.jar;d:\xxxt\repository\org\assertj\assertj-core\3.9.1\assertj-core-3.9.1.jar;d:\xxxt\repository\org\mockito\mockito-core\2.15.0\mockito-core-2.15.0.jar;d:\xxxt\repository\net\bytebuddy\byte-buddy\1.7.11\byte-buddy-1.7.11.jar;d:\xxxt\repository\net\bytebuddy\byte-buddy-agent\1.7.11\byte-buddy-agent-1.7.11.jar;d:\xxxt\repository\org\objenesis\objenesis\2.6\objenesis-2.6.jar;d:\xxxt\repository\org\hamcrest\hamcrest-core\1.3\hamcrest-core-1.3.jar;d:\xxxt\repository\org\hamcrest\hamcrest-library\1.3\hamcrest-library-1.3.jar;d:\xxxt\repository\org\skyscreamer\jsonassert\1.5.0\jsonassert-1.5.0.jar;d:\xxxt\repository\com\vaadin\external\google\android-json\0.0.20131108.vaadin1\android-json-0.0.20131108.vaadin1.jar;d:\xxxt\repository\org\springframework\spring-core\5.0.6.RELEASE\spring-core-5.0.6.RELEASE.jar;d:\xxxt\repository\org\springframework\spring-jcl\5.0.6.RELEASE\spring-jcl-5.0.6.RELEASE.jar;d:\xxxt\repository\org\springframework\spring-test\5.0.6.RELEASE\spring-test-5.0.6.RELEASE.jar;d:\xxxt\repository\org\xmlunit\xmlunit-core\2.5.1\xmlunit-core-2.5.1.jar;d:\xxxt\repository\io\springfox\springfox-swagger2\2.6.1\springfox-swagger2-2.6.1.jar;d:\xxxt\repository\io\swagger\swagger-annotations\1.5.10\swagger-annotations-1.5.10.jar;d:\xxxt\repository\io\swagger\swagger-models\1.5.10\swagger-models-1.5.10.jar;d:\xxxt\repository\io\springfox\springfox-spi\2.6.1\springfox-spi-2.6.1.jar;d:\xxxt\repository\io\springfox\springfox-core\2.6.1\springfox-core-2.6.1.jar;d:\xxxt\repository\io\springfox\springfox-schema\2.6.1\springfox-schema-2.6.1.jar;d:\xxxt\repository\io\springfox\springfox-swagger-common\2.6.1\springfox-swagger-common-2.6.1.jar;d:\xxxt\repository\io\springfox\springfox-spring-web\2.6.1\springfox-spring-web-2.6.1.jar;d:\xxxt\repository\com\fasterxml\classmate\1.3.4\classmate-1.3.4.jar;d:\xxxt\repository\org\slf4j\slf4j-api\1.7.25\slf4j-api-1.7.25.jar;d:\xxxt\repository\org\springframework\plugin\spring-plugin-core\1.2.0.RELEASE\spring-plugin-core-1.2.0.RELEASE.jar;d:\xxxt\repository\org\springframework\plugin\spring-plugin-metadata\1.2.0.RELEASE\spring-plugin-metadata-1.2.0.RELEASE.jar;d:\xxxt\repository\org\mapstruct\mapstruct\1.0.0.Final\mapstruct-1.0.0.Final.jar;d:\xxxt\repository\io\springfox\springfox-swagger-ui\2.6.1\springfox-swagger-ui-2.6.1.jar;"/>
    <property name="java.vm.vendor" value="Oracle Corporation"/>
    <property name="sun.arch.data.model" value="64"/>
    <property name="user.variant" value=""/>
    <property name="java.vendor.url" value="http://java.oracle.com/"/>
    <property name="user.timezone" value=""/>
    <property name="java.vm.specification.version" value="1.8"/>
    <property name="os.name" value="Windows 10"/>
    <property name="user.country" value="CN"/>
    <property name="sun.java.launcher" value="SUN_STANDARD"/>
    <property name="sun.boot.library.path" value="D:\java_1.8\Java\jdk1.8.0_66\jre\bin"/>
    <property name="sun.java.command" value="C:\Users\GUOWEI~1\AppData\Local\Temp\surefire6264511276071913897\surefirebooter2414935280119040218.jar C:\Users\guoweisong\AppData\Local\Temp\surefire6264511276071913897 2018-12-13T11-28-31_672-jvmRun1 surefire7205594163610287886tmp surefire_0163635380165258128tmp"/>
    <property name="surefire.test.class.path" value="D:\work\行销系统\代码\market\comm-xg\xg-server\target\test-classes;D:\work\行销系统\代码\market\comm-xg\xg-server\target\classes;d:\xxxt\repository\com\sinosoft\xg-comm\0.0.1-SNAPSHOT\xg-comm-0.0.1-SNAPSHOT.jar;d:\xxxt\repository\org\springframework\cloud\spring-cloud-starter-openfeign\2.0.0.RELEASE\spring-cloud-starter-openfeign-2.0.0.RELEASE.jar;d:\xxxt\repository\org\springframework\cloud\spring-cloud-openfeign-core\2.0.0.RELEASE\spring-cloud-openfeign-core-2.0.0.RELEASE.jar;d:\xxxt\repository\io\github\openfeign\feign-core\9.5.1\feign-core-9.5.1.jar;d:\xxxt\repository\io\github\openfeign\feign-slf4j\9.5.1\feign-slf4j-9.5.1.jar;d:\xxxt\repository\io\github\openfeign\feign-hystrix\9.5.1\feign-hystrix-9.5.1.jar;d:\xxxt\repository\io\github\openfeign\feign-java8\9.5.1\feign-java8-9.5.1.jar;d:\xxxt\repository\org\springframework\cloud\spring-cloud-starter-netflix-eureka-client\2.0.0.RELEASE\spring-cloud-starter-netflix-eureka-client-2.0.0.RELEASE.jar;d:\xxxt\repository\org\springframework\cloud\spring-cloud-starter\2.0.0.RELEASE\spring-cloud-starter-2.0.0.RELEASE.jar;d:\xxxt\repository\org\springframework\security\spring-security-rsa\1.0.5.RELEASE\spring-security-rsa-1.0.5.RELEASE.jar;d:\xxxt\repository\org\bouncycastle\bcpkix-jdk15on\1.56\bcpkix-jdk15on-1.56.jar;d:\xxxt\repository\org\bouncycastle\bcprov-jdk15on\1.56\bcprov-jdk15on-1.56.jar;d:\xxxt\repository\org\springframework\cloud\spring-cloud-netflix-core\2.0.0.RELEASE\spring-cloud-netflix-core-2.0.0.RELEASE.jar;d:\xxxt\repository\org\springframework\boot\spring-boot-starter-aop\2.0.2.RELEASE\spring-boot-starter-aop-2.0.2.RELEASE.jar;d:\xxxt\repository\org\aspectj\aspectjweaver\1.8.13\aspectjweaver-1.8.13.jar;d:\xxxt\repository\org\springframework\cloud\spring-cloud-netflix-eureka-client\2.0.0.RELEASE\spring-cloud-netflix-eureka-client-2.0.0.RELEASE.jar;d:\xxxt\repository\com\netflix\eureka\eureka-client\1.9.2\eureka-client-1.9.2.jar;d:\xxxt\repository\org\codehaus\jettison\jettison\1.3.7\jettison-1.3.7.jar;d:\xxxt\repository\stax\stax-api\1.0.1\stax-api-1.0.1.jar;d:\xxxt\repository\com\netflix\netflix-commons\netflix-eventbus\0.3.0\netflix-eventbus-0.3.0.jar;d:\xxxt\repository\com\netflix\netflix-commons\netflix-infix\0.3.0\netflix-infix-0.3.0.jar;d:\xxxt\repository\commons-jxpath\commons-jxpath\1.3\commons-jxpath-1.3.jar;d:\xxxt\repository\joda-time\joda-time\2.9.9\joda-time-2.9.9.jar;d:\xxxt\repository\org\antlr\antlr-runtime\3.4\antlr-runtime-3.4.jar;d:\xxxt\repository\org\antlr\stringtemplate\3.2.1\stringtemplate-3.2.1.jar;d:\xxxt\repository\antlr\antlr\2.7.7\antlr-2.7.7.jar;d:\xxxt\repository\com\google\code\gson\gson\2.8.4\gson-2.8.4.jar;d:\xxxt\repository\org\apache\commons\commons-math\2.2\commons-math-2.2.jar;d:\xxxt\repository\com\netflix\archaius\archaius-core\0.7.6\archaius-core-0.7.6.jar;d:\xxxt\repository\javax\ws\rs\jsr311-api\1.1.1\jsr311-api-1.1.1.jar;d:\xxxt\repository\com\netflix\servo\servo-core\0.12.21\servo-core-0.12.21.jar;d:\xxxt\repository\com\sun\jersey\jersey-core\1.19.1\jersey-core-1.19.1.jar;d:\xxxt\repository\com\sun\jersey\jersey-client\1.19.1\jersey-client-1.19.1.jar;d:\xxxt\repository\com\sun\jersey\contribs\jersey-apache-client4\1.19.1\jersey-apache-client4-1.19.1.jar;d:\xxxt\repository\org\apache\httpcomponents\httpclient\4.5.5\httpclient-4.5.5.jar;d:\xxxt\repository\org\apache\httpcomponents\httpcore\4.4.9\httpcore-4.4.9.jar;d:\xxxt\repository\commons-codec\commons-codec\1.11\commons-codec-1.11.jar;d:\xxxt\repository\com\google\inject\guice\4.1.0\guice-4.1.0.jar;d:\xxxt\repository\aopalliance\aopalliance\1.0\aopalliance-1.0.jar;d:\xxxt\repository\com\github\vlsi\compactmap\compactmap\1.2.1\compactmap-1.2.1.jar;d:\xxxt\repository\com\github\andrewoma\dexx\dexx-collections\0.2\dexx-collections-0.2.jar;d:\xxxt\repository\com\netflix\eureka\eureka-core\1.9.2\eureka-core-1.9.2.jar;d:\xxxt\repository\org\codehaus\woodstox\woodstox-core-asl\4.4.1\woodstox-core-asl-4.4.1.jar;d:\xxxt\repository\javax\xml\stream\stax-api\1.0-2\stax-api-1.0-2.jar;d:\xxxt\repository\org\codehaus\woodstox\stax2-api\3.1.4\stax2-api-3.1.4.jar;d:\xxxt\repository\org\springframework\cloud\spring-cloud-starter-netflix-archaius\2.0.0.RELEASE\spring-cloud-starter-netflix-archaius-2.0.0.RELEASE.jar;d:\xxxt\repository\org\springframework\cloud\spring-cloud-netflix-archaius\2.0.0.RELEASE\spring-cloud-netflix-archaius-2.0.0.RELEASE.jar;d:\xxxt\repository\commons-configuration\commons-configuration\1.8\commons-configuration-1.8.jar;d:\xxxt\repository\com\netflix\ribbon\ribbon-eureka\2.2.5\ribbon-eureka-2.2.5.jar;d:\xxxt\repository\com\thoughtworks\xstream\xstream\1.4.10\xstream-1.4.10.jar;d:\xxxt\repository\xmlpull\xmlpull\1.1.3.1\xmlpull-1.1.3.1.jar;d:\xxxt\repository\xpp3\xpp3_min\1.1.4c\xpp3_min-1.1.4c.jar;d:\xxxt\repository\org\springframework\boot\spring-boot-starter-web\2.0.2.RELEASE\spring-boot-starter-web-2.0.2.RELEASE.jar;d:\xxxt\repository\org\springframework\boot\spring-boot-starter\2.0.2.RELEASE\spring-boot-starter-2.0.2.RELEASE.jar;d:\xxxt\repository\org\springframework\boot\spring-boot\2.0.2.RELEASE\spring-boot-2.0.2.RELEASE.jar;d:\xxxt\repository\org\springframework\boot\spring-boot-starter-logging\2.0.2.RELEASE\spring-boot-starter-logging-2.0.2.RELEASE.jar;d:\xxxt\repository\ch\qos\logback\logback-classic\1.2.3\logback-classic-1.2.3.jar;d:\xxxt\repository\ch\qos\logback\logback-core\1.2.3\logback-core-1.2.3.jar;d:\xxxt\repository\org\apache\logging\log4j\log4j-to-slf4j\2.10.0\log4j-to-slf4j-2.10.0.jar;d:\xxxt\repository\org\apache\logging\log4j\log4j-api\2.10.0\log4j-api-2.10.0.jar;d:\xxxt\repository\org\slf4j\jul-to-slf4j\1.7.25\jul-to-slf4j-1.7.25.jar;d:\xxxt\repository\javax\annotation\javax.annotation-api\1.3.2\javax.annotation-api-1.3.2.jar;d:\xxxt\repository\org\yaml\snakeyaml\1.19\snakeyaml-1.19.jar;d:\xxxt\repository\org\springframework\boot\spring-boot-starter-json\2.0.2.RELEASE\spring-boot-starter-json-2.0.2.RELEASE.jar;d:\xxxt\repository\com\fasterxml\jackson\datatype\jackson-datatype-jdk8\2.9.5\jackson-datatype-jdk8-2.9.5.jar;d:\xxxt\repository\com\fasterxml\jackson\datatype\jackson-datatype-jsr310\2.9.5\jackson-datatype-jsr310-2.9.5.jar;d:\xxxt\repository\com\fasterxml\jackson\module\jackson-module-parameter-names\2.9.5\jackson-module-parameter-names-2.9.5.jar;d:\xxxt\repository\org\springframework\boot\spring-boot-starter-tomcat\2.0.2.RELEASE\spring-boot-starter-tomcat-2.0.2.RELEASE.jar;d:\xxxt\repository\org\apache\tomcat\embed\tomcat-embed-core\8.5.31\tomcat-embed-core-8.5.31.jar;d:\xxxt\repository\org\apache\tomcat\embed\tomcat-embed-el\8.5.31\tomcat-embed-el-8.5.31.jar;d:\xxxt\repository\org\apache\tomcat\embed\tomcat-embed-websocket\8.5.31\tomcat-embed-websocket-8.5.31.jar;d:\xxxt\repository\org\hibernate\validator\hibernate-validator\6.0.9.Final\hibernate-validator-6.0.9.Final.jar;d:\xxxt\repository\javax\validation\validation-api\2.0.1.Final\validation-api-2.0.1.Final.jar;d:\xxxt\repository\org\jboss\logging\jboss-logging\3.3.2.Final\jboss-logging-3.3.2.Final.jar;d:\xxxt\repository\org\springframework\spring-web\5.0.6.RELEASE\spring-web-5.0.6.RELEASE.jar;d:\xxxt\repository\org\springframework\spring-beans\5.0.6.RELEASE\spring-beans-5.0.6.RELEASE.jar;d:\xxxt\repository\org\springframework\spring-webmvc\5.0.6.RELEASE\spring-webmvc-5.0.6.RELEASE.jar;d:\xxxt\repository\org\springframework\spring-aop\5.0.6.RELEASE\spring-aop-5.0.6.RELEASE.jar;d:\xxxt\repository\org\springframework\spring-context\5.0.6.RELEASE\spring-context-5.0.6.RELEASE.jar;d:\xxxt\repository\org\springframework\spring-expression\5.0.6.RELEASE\spring-expression-5.0.6.RELEASE.jar;d:\xxxt\repository\org\springframework\boot\spring-boot-starter-actuator\2.0.2.RELEASE\spring-boot-starter-actuator-2.0.2.RELEASE.jar;d:\xxxt\repository\org\springframework\boot\spring-boot-actuator-autoconfigure\2.0.2.RELEASE\spring-boot-actuator-autoconfigure-2.0.2.RELEASE.jar;d:\xxxt\repository\org\springframework\boot\spring-boot-actuator\2.0.2.RELEASE\spring-boot-actuator-2.0.2.RELEASE.jar;d:\xxxt\repository\io\micrometer\micrometer-core\1.0.4\micrometer-core-1.0.4.jar;d:\xxxt\repository\org\hdrhistogram\HdrHistogram\2.1.10\HdrHistogram-2.1.10.jar;d:\xxxt\repository\org\latencyutils\LatencyUtils\2.0.3\LatencyUtils-2.0.3.jar;d:\xxxt\repository\org\springframework\cloud\spring-cloud-config-client\2.0.0.RELEASE\spring-cloud-config-client-2.0.0.RELEASE.jar;d:\xxxt\repository\org\springframework\boot\spring-boot-autoconfigure\2.0.2.RELEASE\spring-boot-autoconfigure-2.0.2.RELEASE.jar;d:\xxxt\repository\org\springframework\cloud\spring-cloud-commons\2.0.0.RELEASE\spring-cloud-commons-2.0.0.RELEASE.jar;d:\xxxt\repository\org\springframework\security\spring-security-crypto\5.0.5.RELEASE\spring-security-crypto-5.0.5.RELEASE.jar;d:\xxxt\repository\org\springframework\cloud\spring-cloud-context\2.0.0.RELEASE\spring-cloud-context-2.0.0.RELEASE.jar;d:\xxxt\repository\com\fasterxml\jackson\core\jackson-annotations\2.9.0\jackson-annotations-2.9.0.jar;d:\xxxt\repository\com\fasterxml\jackson\core\jackson-databind\2.9.5\jackson-databind-2.9.5.jar;d:\xxxt\repository\org\springframework\cloud\spring-cloud-starter-netflix-ribbon\2.0.0.RELEASE\spring-cloud-starter-netflix-ribbon-2.0.0.RELEASE.jar;d:\xxxt\repository\org\springframework\cloud\spring-cloud-netflix-ribbon\2.0.0.RELEASE\spring-cloud-netflix-ribbon-2.0.0.RELEASE.jar;d:\xxxt\repository\com\netflix\ribbon\ribbon\2.2.5\ribbon-2.2.5.jar;d:\xxxt\repository\com\netflix\ribbon\ribbon-transport\2.2.5\ribbon-transport-2.2.5.jar;d:\xxxt\repository\io\reactivex\rxnetty-contexts\0.4.9\rxnetty-contexts-0.4.9.jar;d:\xxxt\repository\io\reactivex\rxnetty-servo\0.4.9\rxnetty-servo-0.4.9.jar;d:\xxxt\repository\com\netflix\hystrix\hystrix-core\1.5.12\hystrix-core-1.5.12.jar;d:\xxxt\repository\javax\inject\javax.inject\1\javax.inject-1.jar;d:\xxxt\repository\io\reactivex\rxnetty\0.4.9\rxnetty-0.4.9.jar;d:\xxxt\repository\io\netty\netty-codec-http\4.1.24.Final\netty-codec-http-4.1.24.Final.jar;d:\xxxt\repository\io\netty\netty-codec\4.1.24.Final\netty-codec-4.1.24.Final.jar;d:\xxxt\repository\io\netty\netty-transport-native-epoll\4.1.24.Final\netty-transport-native-epoll-4.1.24.Final.jar;d:\xxxt\repository\io\netty\netty-common\4.1.24.Final\netty-common-4.1.24.Final.jar;d:\xxxt\repository\io\netty\netty-buffer\4.1.24.Final\netty-buffer-4.1.24.Final.jar;d:\xxxt\repository\io\netty\netty-transport-native-unix-common\4.1.24.Final\netty-transport-native-unix-common-4.1.24.Final.jar;d:\xxxt\repository\io\netty\netty-transport\4.1.24.Final\netty-transport-4.1.24.Final.jar;d:\xxxt\repository\io\netty\netty-resolver\4.1.24.Final\netty-resolver-4.1.24.Final.jar;d:\xxxt\repository\com\netflix\ribbon\ribbon-core\2.2.5\ribbon-core-2.2.5.jar;d:\xxxt\repository\commons-lang\commons-lang\2.6\commons-lang-2.6.jar;d:\xxxt\repository\com\netflix\ribbon\ribbon-httpclient\2.2.5\ribbon-httpclient-2.2.5.jar;d:\xxxt\repository\commons-collections\commons-collections\3.2.2\commons-collections-3.2.2.jar;d:\xxxt\repository\com\netflix\netflix-commons\netflix-commons-util\0.3.0\netflix-commons-util-0.3.0.jar;d:\xxxt\repository\com\netflix\ribbon\ribbon-loadbalancer\2.2.5\ribbon-loadbalancer-2.2.5.jar;d:\xxxt\repository\com\netflix\netflix-commons\netflix-statistics\0.1.1\netflix-statistics-0.1.1.jar;d:\xxxt\repository\io\reactivex\rxjava\1.3.8\rxjava-1.3.8.jar;d:\xxxt\repository\org\springframework\cloud\spring-cloud-starter-zipkin\2.0.0.RELEASE\spring-cloud-starter-zipkin-2.0.0.RELEASE.jar;d:\xxxt\repository\org\springframework\cloud\spring-cloud-starter-sleuth\2.0.0.RELEASE\spring-cloud-starter-sleuth-2.0.0.RELEASE.jar;d:\xxxt\repository\org\springframework\cloud\spring-cloud-sleuth-core\2.0.0.RELEASE\spring-cloud-sleuth-core-2.0.0.RELEASE.jar;d:\xxxt\repository\org\aspectj\aspectjrt\1.8.13\aspectjrt-1.8.13.jar;d:\xxxt\repository\io\zipkin\brave\brave\5.1.0\brave-5.1.0.jar;d:\xxxt\repository\io\zipkin\brave\brave-context-log4j2\5.1.0\brave-context-log4j2-5.1.0.jar;d:\xxxt\repository\io\zipkin\brave\brave-instrumentation-spring-web\5.1.0\brave-instrumentation-spring-web-5.1.0.jar;d:\xxxt\repository\io\zipkin\brave\brave-instrumentation-http\5.1.0\brave-instrumentation-http-5.1.0.jar;d:\xxxt\repository\io\zipkin\brave\brave-instrumentation-spring-rabbit\5.1.0\brave-instrumentation-spring-rabbit-5.1.0.jar;d:\xxxt\repository\io\zipkin\brave\brave-instrumentation-kafka-clients\5.1.0\brave-instrumentation-kafka-clients-5.1.0.jar;d:\xxxt\repository\io\zipkin\brave\brave-instrumentation-httpclient\5.1.0\brave-instrumentation-httpclient-5.1.0.jar;d:\xxxt\repository\io\zipkin\brave\brave-instrumentation-httpasyncclient\5.1.0\brave-instrumentation-httpasyncclient-5.1.0.jar;d:\xxxt\repository\io\zipkin\brave\brave-instrumentation-spring-webmvc\5.1.0\brave-instrumentation-spring-webmvc-5.1.0.jar;d:\xxxt\repository\io\zipkin\brave\brave-instrumentation-servlet\5.1.0\brave-instrumentation-servlet-5.1.0.jar;d:\xxxt\repository\org\springframework\cloud\spring-cloud-sleuth-zipkin\2.0.0.RELEASE\spring-cloud-sleuth-zipkin-2.0.0.RELEASE.jar;d:\xxxt\repository\io\zipkin\zipkin2\zipkin\2.9.3\zipkin-2.9.3.jar;d:\xxxt\repository\io\zipkin\reporter2\zipkin-reporter\2.7.3\zipkin-reporter-2.7.3.jar;d:\xxxt\repository\io\zipkin\reporter2\zipkin-sender-kafka11\2.7.3\zipkin-sender-kafka11-2.7.3.jar;d:\xxxt\repository\io\zipkin\reporter2\zipkin-sender-amqp-client\2.7.3\zipkin-sender-amqp-client-2.7.3.jar;d:\xxxt\repository\com\oracle\ojdbc14\6\ojdbc14-6.jar;d:\xxxt\repository\com\alibaba\druid\1.1.10\druid-1.1.10.jar;d:\xxxt\repository\org\mybatis\spring\boot\mybatis-spring-boot-starter\1.3.1\mybatis-spring-boot-starter-1.3.1.jar;d:\xxxt\repository\org\springframework\boot\spring-boot-starter-jdbc\2.0.2.RELEASE\spring-boot-starter-jdbc-2.0.2.RELEASE.jar;d:\xxxt\repository\com\zaxxer\HikariCP\2.7.9\HikariCP-2.7.9.jar;d:\xxxt\repository\org\springframework\spring-jdbc\5.0.6.RELEASE\spring-jdbc-5.0.6.RELEASE.jar;d:\xxxt\repository\org\springframework\spring-tx\5.0.6.RELEASE\spring-tx-5.0.6.RELEASE.jar;d:\xxxt\repository\org\mybatis\spring\boot\mybatis-spring-boot-autoconfigure\1.3.1\mybatis-spring-boot-autoconfigure-1.3.1.jar;d:\xxxt\repository\org\mybatis\mybatis\3.4.5\mybatis-3.4.5.jar;d:\xxxt\repository\org\mybatis\mybatis-spring\1.3.1\mybatis-spring-1.3.1.jar;d:\xxxt\repository\com\github\pagehelper\pagehelper\5.1.2\pagehelper-5.1.2.jar;d:\xxxt\repository\com\github\jsqlparser\jsqlparser\1.0\jsqlparser-1.0.jar;d:\xxxt\repository\org\mybatis\generator\mybatis-generator-core\1.3.6\mybatis-generator-core-1.3.6.jar;d:\xxxt\repository\com\fasterxml\jackson\datatype\jackson-datatype-guava\2.9.5\jackson-datatype-guava-2.9.5.jar;d:\xxxt\repository\com\google\guava\guava\18.0\guava-18.0.jar;d:\xxxt\repository\com\fasterxml\jackson\core\jackson-core\2.9.5\jackson-core-2.9.5.jar;d:\xxxt\repository\org\springframework\boot\spring-boot-starter-test\2.0.2.RELEASE\spring-boot-starter-test-2.0.2.RELEASE.jar;d:\xxxt\repository\org\springframework\boot\spring-boot-test\2.0.2.RELEASE\spring-boot-test-2.0.2.RELEASE.jar;d:\xxxt\repository\org\springframework\boot\spring-boot-test-autoconfigure\2.0.2.RELEASE\spring-boot-test-autoconfigure-2.0.2.RELEASE.jar;d:\xxxt\repository\com\jayway\jsonpath\json-path\2.4.0\json-path-2.4.0.jar;d:\xxxt\repository\net\minidev\json-smart\2.3\json-smart-2.3.jar;d:\xxxt\repository\net\minidev\accessors-smart\1.2\accessors-smart-1.2.jar;d:\xxxt\repository\org\ow2\asm\asm\5.0.4\asm-5.0.4.jar;d:\xxxt\repository\junit\junit\4.12\junit-4.12.jar;d:\xxxt\repository\org\assertj\assertj-core\3.9.1\assertj-core-3.9.1.jar;d:\xxxt\repository\org\mockito\mockito-core\2.15.0\mockito-core-2.15.0.jar;d:\xxxt\repository\net\bytebuddy\byte-buddy\1.7.11\byte-buddy-1.7.11.jar;d:\xxxt\repository\net\bytebuddy\byte-buddy-agent\1.7.11\byte-buddy-agent-1.7.11.jar;d:\xxxt\repository\org\objenesis\objenesis\2.6\objenesis-2.6.jar;d:\xxxt\repository\org\hamcrest\hamcrest-core\1.3\hamcrest-core-1.3.jar;d:\xxxt\repository\org\hamcrest\hamcrest-library\1.3\hamcrest-library-1.3.jar;d:\xxxt\repository\org\skyscreamer\jsonassert\1.5.0\jsonassert-1.5.0.jar;d:\xxxt\repository\com\vaadin\external\google\android-json\0.0.20131108.vaadin1\android-json-0.0.20131108.vaadin1.jar;d:\xxxt\repository\org\springframework\spring-core\5.0.6.RELEASE\spring-core-5.0.6.RELEASE.jar;d:\xxxt\repository\org\springframework\spring-jcl\5.0.6.RELEASE\spring-jcl-5.0.6.RELEASE.jar;d:\xxxt\repository\org\springframework\spring-test\5.0.6.RELEASE\spring-test-5.0.6.RELEASE.jar;d:\xxxt\repository\org\xmlunit\xmlunit-core\2.5.1\xmlunit-core-2.5.1.jar;d:\xxxt\repository\io\springfox\springfox-swagger2\2.6.1\springfox-swagger2-2.6.1.jar;d:\xxxt\repository\io\swagger\swagger-annotations\1.5.10\swagger-annotations-1.5.10.jar;d:\xxxt\repository\io\swagger\swagger-models\1.5.10\swagger-models-1.5.10.jar;d:\xxxt\repository\io\springfox\springfox-spi\2.6.1\springfox-spi-2.6.1.jar;d:\xxxt\repository\io\springfox\springfox-core\2.6.1\springfox-core-2.6.1.jar;d:\xxxt\repository\io\springfox\springfox-schema\2.6.1\springfox-schema-2.6.1.jar;d:\xxxt\repository\io\springfox\springfox-swagger-common\2.6.1\springfox-swagger-common-2.6.1.jar;d:\xxxt\repository\io\springfox\springfox-spring-web\2.6.1\springfox-spring-web-2.6.1.jar;d:\xxxt\repository\com\fasterxml\classmate\1.3.4\classmate-1.3.4.jar;d:\xxxt\repository\org\slf4j\slf4j-api\1.7.25\slf4j-api-1.7.25.jar;d:\xxxt\repository\org\springframework\plugin\spring-plugin-core\1.2.0.RELEASE\spring-plugin-core-1.2.0.RELEASE.jar;d:\xxxt\repository\org\springframework\plugin\spring-plugin-metadata\1.2.0.RELEASE\spring-plugin-metadata-1.2.0.RELEASE.jar;d:\xxxt\repository\org\mapstruct\mapstruct\1.0.0.Final\mapstruct-1.0.0.Final.jar;d:\xxxt\repository\io\springfox\springfox-swagger-ui\2.6.1\springfox-swagger-ui-2.6.1.jar;"/>
    <property name="sun.cpu.endian" value="little"/>
    <property name="user.home" value="C:\Users\guoweisong"/>
    <property name="user.language" value="zh"/>
    <property name="java.specification.vendor" value="Oracle Corporation"/>
    <property name="java.home" value="D:\java_1.8\Java\jdk1.8.0_66\jre"/>
    <property name="basedir" value="D:\work\行销系统\代码\market\comm-xg\xg-server"/>
    <property name="file.separator" value="\"/>
    <property name="line.separator" value="&#10;"/>
    <property name="java.vm.specification.vendor" value="Oracle Corporation"/>
    <property name="java.specification.name" value="Java Platform API Specification"/>
    <property name="java.awt.graphicsenv" value="sun.awt.Win32GraphicsEnvironment"/>
    <property name="surefire.real.class.path" value="C:\Users\GUOWEI~1\AppData\Local\Temp\surefire6264511276071913897\surefirebooter2414935280119040218.jar"/>
    <property name="sun.boot.class.path" value="D:\java_1.8\Java\jdk1.8.0_66\jre\lib\resources.jar;D:\java_1.8\Java\jdk1.8.0_66\jre\lib\rt.jar;D:\java_1.8\Java\jdk1.8.0_66\jre\lib\sunrsasign.jar;D:\java_1.8\Java\jdk1.8.0_66\jre\lib\jsse.jar;D:\java_1.8\Java\jdk1.8.0_66\jre\lib\jce.jar;D:\java_1.8\Java\jdk1.8.0_66\jre\lib\charsets.jar;D:\java_1.8\Java\jdk1.8.0_66\jre\lib\jfr.jar;D:\java_1.8\Java\jdk1.8.0_66\jre\classes"/>
    <property name="user.script" value=""/>
    <property name="sun.management.compiler" value="HotSpot 64-Bit Tiered Compilers"/>
    <property name="java.runtime.version" value="1.8.0_66-b18"/>
    <property name="user.name" value="guoweisong"/>
    <property name="path.separator" value=";"/>
    <property name="os.version" value="10.0"/>
    <property name="java.endorsed.dirs" value="D:\java_1.8\Java\jdk1.8.0_66\jre\lib\endorsed"/>
    <property name="java.runtime.name" value="Java(TM) SE Runtime Environment"/>
    <property name="file.encoding" value="GBK"/>
    <property name="java.vm.name" value="Java HotSpot(TM) 64-Bit Server VM"/>
    <property name="localRepository" value="d:\xxxt\repository"/>
    <property name="java.vendor.url.bug" value="http://bugreport.sun.com/bugreport/"/>
    <property name="java.io.tmpdir" value="C:\Users\GUOWEI~1\AppData\Local\Temp\"/>
    <property name="java.version" value="1.8.0_66"/>
    <property name="user.dir" value="D:\work\行销系统\代码\market\comm-xg\xg-server"/>
    <property name="os.arch" value="amd64"/>
    <property name="java.vm.specification.name" value="Java Virtual Machine Specification"/>
    <property name="java.awt.printerjob" value="sun.awt.windows.WPrinterJob"/>
    <property name="sun.os.patch.level" value=""/>
    <property name="java.library.path" value="D:\java_1.8\Java\jdk1.8.0_66\jre\bin;C:\WINDOWS\Sun\Java\bin;C:\WINDOWS\system32;C:\WINDOWS;D:/Program Files/java_1.8/Java/jre1.8.0_66/bin/server;D:/Program Files/java_1.8/Java/jre1.8.0_66/bin;D:/Program Files/java_1.8/Java/jre1.8.0_66/lib/amd64;C:\ProgramData\Oracle\Java\javapath;D:\oracle\product\10.2.0\db_1\bin;C:\WINDOWS\system32;C:\WINDOWS;C:\WINDOWS\System32\Wbem;C:\WINDOWS\System32\WindowsPowerShell\v1.0\;%JAVA_HOME%\bin;C:\WINDOWS\System32\OpenSSH\;C:\Program Files\Intel\WiFi\bin\;C:\Program Files\Common Files\Intel\WirelessCommon\;d:\Program Files\Git\cmd;D:\Program Files\TortoiseSVN\bin;D:\Program Files (x86)\IDM Computer Solutions\UltraEdit\;C:\Users\guoweisong\AppData\Local\Microsoft\WindowsApps;D:\Program Files\Java\jdk1.6.0_22\bin;;D:\work\soft\sts\spring-tool-suite-3.9.5.RELEASE-e4.8.0-win32-x86_64\sts-bundle\sts-3.9.5.RELEASE;;."/>
    <property name="java.vm.info" value="mixed mode"/>
    <property name="java.vendor" value="Oracle Corporation"/>
    <property name="java.vm.version" value="25.66-b18"/>
    <property name="java.ext.dirs" value="D:\java_1.8\Java\jdk1.8.0_66\jre\lib\ext;C:\WINDOWS\Sun\Java\lib\ext"/>
    <property name="sun.io.unicode.encoding" value="UnicodeLittle"/>
    <property name="java.class.version" value="52.0"/>
  </properties>
  <testcase name="contextLoads" classname="com.sinosoft.commxg.CommCoalApplicationTests" time="2.514"/>
</testsuite>